<?xml version="1.0" encoding="UTF-8"?>
<!-- Generated by org.testng.reporters.JUnitReportReporter -->
<testsuite skipped="0" hostname="Sony-PC" name="script.TestLoginPage" tests="1" failures="0" timestamp="08 Aug 2017 16:07:50 GMT" time="13.233" errors="0">
  <testcase name="testlogin" time="13.233" classname="script.TestLoginPage"/>
</testsuite> <!-- script.TestLoginPage -->
