<?xml version="1.0" encoding="UTF-8"?>
<!-- Generated by org.testng.reporters.JUnitReportReporter -->
<testsuite skipped="1" hostname="Sony-PC" name="testNGExample.TestAnnotations" tests="8" failures="0" timestamp="10 Aug 2017 10:56:06 GMT" time="0.041" errors="0">
  <testcase name="testf" time="0.004" classname="testNGExample.TestAnnotations"/>
  <testcase name="testA" time="0.004" classname="testNGExample.TestAnnotations"/>
  <testcase name="testA" time="0.010" classname="testNGExample.TestAnnotations"/>
  <testcase name="teste" time="0.012" classname="testNGExample.TestAnnotations"/>
  <testcase name="testg" time="0.003" classname="testNGExample.TestAnnotations"/>
  <testcase name="testB" time="0.005" classname="testNGExample.TestAnnotations"/>
  <testcase name="testc" time="0.003" classname="testNGExample.TestAnnotations"/>
  <testcase name="testd" classname="testNGExample.TestAnnotations">
    <skipped/>
  </testcase> <!-- testd -->
</testsuite> <!-- testNGExample.TestAnnotations -->
