<?xml version="1.0" encoding="UTF-8"?>
<!-- Generated by org.testng.reporters.JUnitReportReporter -->
<testsuite skipped="1" hostname="Sony-PC" name="testNGExample.TestAnnotations" tests="8" failures="0" timestamp="03 Feb 2018 07:43:09 GMT" time="0.037" errors="0">
  <testcase name="testB" time="0.004" classname="testNGExample.TestAnnotations"/>
  <testcase name="testA" time="0.006" classname="testNGExample.TestAnnotations"/>
  <testcase name="testf" time="0.006" classname="testNGExample.TestAnnotations"/>
  <testcase name="testA" time="0.002" classname="testNGExample.TestAnnotations"/>
  <testcase name="testg" time="0.005" classname="testNGExample.TestAnnotations"/>
  <testcase name="teste" time="0.003" classname="testNGExample.TestAnnotations"/>
  <testcase name="testc" time="0.011" classname="testNGExample.TestAnnotations"/>
  <testcase name="testd" classname="testNGExample.TestAnnotations">
    <skipped/>
  </testcase> <!-- testd -->
</testsuite> <!-- testNGExample.TestAnnotations -->
